mode: atomic
money/internal/http/cookie/session.go:10.102,12.16 2 0
money/internal/http/cookie/session.go:12.16,14.3 1 0
money/internal/http/cookie/session.go:15.2,16.57 2 0
money/internal/http/cookie/token.go:8.64,17.2 1 0
money/internal/http/cookie/token.go:20.43,25.2 1 0
money/internal/http/cookie/token.go:28.59,38.16 2 0
money/internal/http/cookie/token.go:38.16,40.3 1 0
money/internal/http/cookie/token.go:41.2,41.21 1 0
money/internal/crypt/claims.go:19.96,29.2 1 0
money/internal/crypt/claims.go:31.56,33.94 2 0
money/internal/crypt/claims.go:33.94,35.58 1 0
money/internal/crypt/claims.go:35.58,37.4 1 0
money/internal/crypt/claims.go:38.3,38.29 1 0
money/internal/crypt/claims.go:41.2,41.30 1 0
money/internal/crypt/claims.go:41.30,43.3 1 0
money/internal/crypt/claims.go:44.2,44.20 1 0
money/internal/crypt/mail.go:9.34,16.16 4 0
money/internal/crypt/mail.go:16.16,18.3 1 0
money/internal/crypt/mail.go:21.2,22.21 2 0
money/internal/crypt/mail.go:25.38,32.16 4 0
money/internal/crypt/mail.go:32.16,34.3 1 0
money/internal/crypt/mail.go:37.2,39.33 2 0
money/internal/crypt/password.go:8.52,11.2 2 0
money/internal/crypt/password.go:14.52,17.2 2 0
money/internal/crypt/token.go:3.59,5.16 2 0
money/internal/crypt/token.go:5.16,7.3 1 0
money/internal/crypt/token.go:9.2,9.23 1 0
money/internal/logger/init.go:13.13,15.76 1 0
money/internal/logger/init.go:15.76,17.3 1 0
money/internal/logger/init.go:20.2,40.50 3 0
money/internal/cfg/once.go:27.75,29.10 1 0
money/internal/cfg/once.go:29.10,43.18 4 0
money/internal/cfg/once.go:43.18,45.5 1 0
money/internal/cfg/once.go:47.4,74.18 6 0
money/internal/cfg/once.go:74.18,75.15 1 0
money/internal/cfg/once.go:79.2,79.29 1 0
money/internal/cfg/storage.go:8.77,10.16 2 0
money/internal/cfg/storage.go:10.16,12.3 1 0
money/internal/cfg/storage.go:14.2,23.16 2 0
money/internal/msg/filler/filler.go:21.84,27.2 1 0
money/internal/msg/filler/work.go:15.97,24.2 2 0
money/internal/msg/filler/work.go:27.71,31.6 3 0
money/internal/msg/filler/work.go:31.6,32.10 1 0
money/internal/msg/filler/work.go:33.24,34.11 1 0
money/internal/msg/filler/work.go:34.11,40.5 3 0
money/internal/msg/filler/work.go:41.11,44.18 2 0
money/internal/msg/filler/work.go:44.18,48.5 1 0
money/internal/msg/filler/work.go:50.4,50.27 1 0
money/internal/msg/filler/work.go:50.27,54.5 3 0
money/internal/msg/filler/work.go:56.3,56.52 1 0
money/internal/http/middle/admin.go:10.63,11.46 1 0
money/internal/http/middle/admin.go:11.46,12.72 1 0
money/internal/http/middle/admin.go:12.72,14.18 2 0
money/internal/http/middle/admin.go:14.18,17.5 2 0
money/internal/http/middle/admin.go:18.4,19.46 2 0
money/internal/http/middle/admin.go:19.46,22.5 2 0
money/internal/http/middle/admin.go:23.4,23.24 1 0
money/internal/http/middle/auth.go:10.62,11.46 1 0
money/internal/http/middle/auth.go:11.46,12.72 1 0
money/internal/http/middle/auth.go:12.72,14.18 2 0
money/internal/http/middle/auth.go:14.18,17.5 2 0
money/internal/http/middle/auth.go:18.4,19.75 2 0
money/internal/http/middle/auth.go:19.75,22.5 2 0
money/internal/http/middle/auth.go:23.4,23.24 1 0
money/internal/http/middle/log.go:7.46,8.71 1 0
money/internal/http/middle/log.go:8.71,11.3 1 0
money/cmd/money/main.go:11.13,24.2 8 0
money/internal/http/page/html.go:13.80,15.16 2 0
money/internal/http/page/html.go:15.16,17.3 1 0
money/internal/http/page/html.go:18.2,20.16 3 0
money/internal/http/page/html.go:20.16,23.3 2 0
money/internal/http/page/html.go:25.2,26.16 2 0
money/internal/http/page/html.go:26.16,29.3 2 0
money/internal/http/page/html.go:30.2,30.12 1 0
money/internal/http/page/page.go:13.41,15.27 2 0
money/internal/http/page/page.go:15.27,17.3 1 0
money/internal/http/page/page.go:18.2,18.10 1 0
money/internal/http/page/page.go:22.46,23.23 1 0
money/internal/http/page/page.go:23.23,25.3 1 0
money/internal/http/page/page.go:29.51,30.23 1 0
money/internal/http/page/page.go:30.23,32.3 1 0
money/internal/http/page/page.go:35.47,36.23 1 0
money/internal/http/page/page.go:36.23,38.3 1 0
money/internal/http/page/path.go:7.41,16.2 8 0
money/internal/http/page/url.go:3.76,6.33 2 0
money/internal/http/page/url.go:6.33,7.18 1 0
money/internal/http/page/url.go:7.18,9.4 1 0
money/internal/http/page/url.go:11.2,11.39 1 0
money/internal/http/server/config.go:10.57,34.2 19 0
money/internal/http/server/config.go:36.63,40.2 3 0
money/internal/http/server/config.go:42.36,46.2 2 0
money/internal/http/server/confirm.go:12.69,21.16 5 0
money/internal/http/server/confirm.go:21.16,23.3 1 0
money/internal/http/server/confirm.go:24.2,26.16 3 0
money/internal/http/server/confirm.go:26.16,28.3 1 0
money/internal/http/server/confirm.go:30.2,33.20 3 0
money/internal/http/server/confirm.go:33.20,40.3 5 0
money/internal/http/server/confirm.go:41.2,41.70 1 0
money/internal/http/server/forbidden.go:8.68,11.2 2 0
money/internal/http/server/index.go:9.64,12.16 2 0
money/internal/http/server/index.go:12.16,15.3 2 0
money/internal/http/server/index.go:17.2,18.30 2 0
money/internal/http/server/index.go:19.22,20.39 1 0
money/internal/http/server/index.go:21.20,22.66 1 0
money/internal/http/server/index.go:23.22,24.61 1 0
money/internal/http/server/index.go:25.21,26.61 1 0
money/internal/http/server/index.go:27.25,28.61 1 0
money/internal/http/server/login.go:11.68,16.16 4 0
money/internal/http/server/login.go:16.16,24.3 7 0
money/internal/http/server/login.go:26.2,29.69 3 0
money/internal/http/server/logout.go:8.65,20.2 6 0
money/internal/http/server/main.go:9.63,12.16 2 0
money/internal/http/server/main.go:12.16,15.3 2 0
money/internal/http/server/main.go:17.2,17.30 1 0
money/internal/http/server/main.go:18.22,20.38 2 0
money/internal/http/server/main.go:21.20,22.66 1 0
money/internal/http/server/main.go:23.21,25.37 2 0
money/internal/http/server/main.go:26.25,28.41 2 0
money/internal/http/server/projectConnectPost.go:14.77,16.16 2 0
money/internal/http/server/projectConnectPost.go:16.16,22.3 3 0
money/internal/http/server/projectConnectPost.go:24.2,24.44 1 0
money/internal/http/server/projectConnectPost.go:24.44,30.3 3 0
money/internal/http/server/projectConnectPost.go:32.2,33.16 2 0
money/internal/http/server/projectConnectPost.go:33.16,39.3 3 0
money/internal/http/server/projectConnectPost.go:41.2,42.16 2 0
money/internal/http/server/projectConnectPost.go:42.16,48.3 3 0
money/internal/http/server/projectConnectPost.go:50.2,51.16 2 0
money/internal/http/server/projectConnectPost.go:51.16,57.3 3 0
money/internal/http/server/projectConnectPost.go:58.2,58.85 1 0
money/internal/http/server/projectCreatePost.go:13.76,15.16 2 0
money/internal/http/server/projectCreatePost.go:15.16,21.3 3 0
money/internal/http/server/projectCreatePost.go:23.2,29.16 4 0
money/internal/http/server/projectCreatePost.go:29.16,39.3 7 0
money/internal/http/server/projectCreatePost.go:40.2,40.59 1 0
money/internal/http/server/projectDisconnectGet.go:15.79,17.16 2 0
money/internal/http/server/projectDisconnectGet.go:17.16,23.3 3 0
money/internal/http/server/projectDisconnectGet.go:25.2,26.16 2 0
money/internal/http/server/projectDisconnectGet.go:26.16,32.3 3 0
money/internal/http/server/projectDisconnectGet.go:33.2,34.16 2 0
money/internal/http/server/projectDisconnectGet.go:34.16,40.3 3 0
money/internal/http/server/projectDisconnectGet.go:41.2,44.68 3 0
money/internal/http/server/projectDisconnectGet.go:44.68,47.3 2 0
money/internal/http/server/projectDisconnectGet.go:48.2,51.16 3 0
money/internal/http/server/projectDisconnectGet.go:51.16,57.3 3 0
money/internal/http/server/projectDisconnectGet.go:59.2,59.85 1 0
money/internal/http/server/projectListGet.go:13.73,15.16 2 0
money/internal/http/server/projectListGet.go:15.16,21.3 3 0
money/internal/http/server/projectListGet.go:23.2,29.44 5 0
money/internal/http/server/projectListGet.go:29.44,31.17 2 0
money/internal/http/server/projectListGet.go:31.17,36.4 3 0
money/internal/http/server/projectListGet.go:38.8,40.17 2 0
money/internal/http/server/projectListGet.go:40.17,45.4 3 0
money/internal/http/server/projectListGet.go:49.2,51.30 3 0
money/internal/http/server/projectListGet.go:52.22,53.46 1 0
money/internal/http/server/projectListGet.go:54.25,55.49 1 0
money/internal/http/server/projectListGet.go:56.21,57.45 1 0
money/internal/http/server/projectUpdateGet.go:14.75,16.16 2 0
money/internal/http/server/projectUpdateGet.go:16.16,22.3 3 0
money/internal/http/server/projectUpdateGet.go:24.2,27.85 2 0
money/internal/http/server/projectUpdateGet.go:27.85,33.3 3 0
money/internal/http/server/projectUpdateGet.go:34.2,39.16 5 0
money/internal/http/server/projectUpdateGet.go:39.16,45.3 3 0
money/internal/http/server/projectUpdateGet.go:47.2,48.16 2 0
money/internal/http/server/projectUpdateGet.go:48.16,54.3 3 0
money/internal/http/server/projectUpdateGet.go:56.2,57.16 2 0
money/internal/http/server/projectUpdateGet.go:57.16,63.3 3 0
money/internal/http/server/projectUpdateGet.go:65.2,69.39 4 0
money/internal/http/server/projectUpdatePost.go:14.76,16.16 2 0
money/internal/http/server/projectUpdatePost.go:16.16,22.3 3 0
money/internal/http/server/projectUpdatePost.go:24.2,26.85 2 0
money/internal/http/server/projectUpdatePost.go:26.85,32.3 3 0
money/internal/http/server/projectUpdatePost.go:34.2,35.16 2 0
money/internal/http/server/projectUpdatePost.go:35.16,41.3 3 0
money/internal/http/server/projectUpdatePost.go:43.2,57.16 5 0
money/internal/http/server/projectUpdatePost.go:57.16,67.3 7 0
money/internal/http/server/projectUpdatePost.go:68.2,68.56 1 0
money/internal/http/server/regGet.go:8.65,10.2 1 0
money/internal/http/server/regPost.go:11.66,25.16 3 0
money/internal/http/server/regPost.go:25.16,35.3 9 0
money/internal/http/server/regPost.go:37.2,38.16 2 0
money/internal/http/server/regPost.go:38.16,48.3 9 0
money/internal/http/server/regPost.go:50.2,52.65 2 0
money/internal/http/server/send.go:9.63,11.16 2 0
money/internal/http/server/send.go:11.16,14.3 2 0
money/internal/http/server/send.go:16.2,17.74 2 0
money/internal/http/server/session.go:10.69,12.16 2 0
money/internal/http/server/session.go:12.16,15.3 1 0
money/internal/http/server/session.go:17.2,18.16 2 0
money/internal/http/server/session.go:18.16,21.3 1 0
money/internal/http/server/session.go:22.2,22.16 1 0
money/internal/http/server/shutdown.go:15.37,18.12 3 0
money/internal/http/server/shutdown.go:18.12,31.45 5 0
money/internal/http/server/shutdown.go:31.45,36.4 1 0
money/internal/http/server/shutdown.go:39.3,39.16 1 0
money/internal/http/server/start.go:17.95,50.16 15 0
money/internal/http/server/start.go:50.16,54.3 1 0
money/internal/http/server/start.go:56.2,60.12 2 0
money/internal/http/server/userListGet.go:10.70,12.58 2 0
money/internal/http/server/userListGet.go:12.58,14.3 1 0
money/internal/http/server/userListGet.go:15.2,18.16 4 0
money/internal/http/server/userListGet.go:18.16,21.3 2 0
money/internal/http/server/userListGet.go:22.2,24.37 3 0
money/internal/http/server/userUpdateGet.go:14.72,16.16 2 0
money/internal/http/server/userUpdateGet.go:16.16,22.3 3 0
money/internal/http/server/userUpdateGet.go:24.2,27.85 2 0
money/internal/http/server/userUpdateGet.go:27.85,33.3 3 0
money/internal/http/server/userUpdateGet.go:34.2,39.16 5 0
money/internal/http/server/userUpdateGet.go:39.16,45.3 3 0
money/internal/http/server/userUpdateGet.go:48.2,49.16 2 0
money/internal/http/server/userUpdateGet.go:49.16,55.3 3 0
money/internal/http/server/userUpdateGet.go:58.2,59.16 2 0
money/internal/http/server/userUpdateGet.go:59.16,65.3 3 0
money/internal/http/server/userUpdateGet.go:67.2,68.16 2 0
money/internal/http/server/userUpdateGet.go:68.16,74.3 3 0
money/internal/http/server/userUpdateGet.go:77.2,78.16 2 0
money/internal/http/server/userUpdateGet.go:78.16,84.3 3 0
money/internal/http/server/userUpdateGet.go:86.2,92.39 6 0
money/internal/http/server/userUpdatePost.go:14.73,16.16 2 0
money/internal/http/server/userUpdatePost.go:16.16,22.3 3 0
money/internal/http/server/userUpdatePost.go:24.2,26.85 2 0
money/internal/http/server/userUpdatePost.go:26.85,32.3 3 0
money/internal/http/server/userUpdatePost.go:34.2,35.16 2 0
money/internal/http/server/userUpdatePost.go:35.16,41.3 3 0
money/internal/http/server/userUpdatePost.go:43.2,57.16 5 0
money/internal/http/server/userUpdatePost.go:57.16,67.3 7 0
money/internal/http/server/userUpdatePost.go:68.2,68.56 1 0
money/internal/http/server/verifyPost.go:12.69,15.16 2 0
money/internal/http/server/verifyPost.go:15.16,18.3 2 0
money/internal/http/server/verifyPost.go:20.2,26.16 6 0
money/internal/http/server/verifyPost.go:26.16,34.3 7 0
money/internal/http/server/verifyPost.go:36.2,37.16 2 0
money/internal/http/server/verifyPost.go:37.16,45.3 7 0
money/internal/http/server/verifyPost.go:47.2,48.60 2 0
money/cmd/money/main.go:11.13,24.2 8 0
money/internal/cfg/once.go:27.75,29.10 1 0
money/internal/cfg/once.go:29.10,43.18 4 0
money/internal/cfg/once.go:43.18,45.5 1 0
money/internal/cfg/once.go:47.4,74.18 6 0
money/internal/cfg/once.go:74.18,75.15 1 0
money/internal/cfg/once.go:79.2,79.29 1 0
money/internal/cfg/storage.go:8.77,10.16 2 0
money/internal/cfg/storage.go:10.16,12.3 1 0
money/internal/cfg/storage.go:14.2,23.16 2 0
money/internal/core/email.go:19.55,22.27 2 0
money/internal/core/email.go:22.27,24.3 1 0
money/internal/core/email.go:25.2,25.10 1 0
money/internal/core/email.go:29.51,30.24 1 0
money/internal/core/email.go:30.24,32.17 2 0
money/internal/core/email.go:32.17,34.4 1 0
money/internal/core/email.go:39.47,40.24 1 0
money/internal/core/email.go:40.24,41.20 1 0
money/internal/core/email.go:42.27,43.107 1 0
money/internal/core/email.go:44.24,45.69 1 0
money/internal/core/email.go:46.26,47.56 1 0
money/internal/core/email.go:49.3,50.28 2 0
money/internal/core/email.go:55.61,56.24 1 0
money/internal/core/email.go:56.24,61.20 2 0
money/internal/core/email.go:62.27,66.28 4 0
money/internal/core/email.go:68.24,72.29 3 0
money/internal/core/email.go:73.26,77.29 3 0
money/internal/core/email.go:79.3,79.44 1 0
money/internal/core/level.go:31.76,41.2 8 0
money/internal/core/level.go:43.71,44.14 1 0
money/internal/core/level.go:45.9,47.26 2 0
money/internal/core/level.go:48.9,50.22 2 0
money/internal/core/level.go:51.9,53.34 2 0
money/internal/core/level.go:54.9,56.30 2 0
money/internal/core/level.go:57.9,59.46 2 0
money/internal/core/level.go:60.9,62.26 2 0
money/internal/core/level.go:65.2,65.12 1 0
money/internal/core/role.go:29.78,36.2 5 0
money/internal/core/role.go:38.68,39.14 1 0
money/internal/core/role.go:40.9,42.24 2 0
money/internal/core/role.go:43.9,45.40 2 0
money/internal/core/role.go:46.9,48.75 2 0
money/internal/core/role.go:49.9,51.67 2 0
money/internal/core/role.go:52.9,54.32 2 0
money/internal/core/role.go:57.2,57.12 1 0
money/internal/core/session.go:30.90,35.16 5 1
money/internal/core/session.go:35.16,37.3 1 0
money/internal/core/session.go:38.2,38.25 1 1
money/internal/core/session.go:42.65,44.16 2 1
money/internal/core/session.go:44.16,46.3 1 0
money/internal/core/session.go:48.2,48.111 1 1
money/internal/crypt/claims.go:19.96,29.2 1 1
money/internal/crypt/claims.go:31.56,33.94 2 1
money/internal/crypt/claims.go:33.94,35.58 1 1
money/internal/crypt/claims.go:35.58,37.4 1 0
money/internal/crypt/claims.go:38.3,38.29 1 1
money/internal/crypt/claims.go:41.2,41.30 1 1
money/internal/crypt/claims.go:41.30,43.3 1 0
money/internal/crypt/claims.go:44.2,44.20 1 1
money/internal/crypt/mail.go:9.34,16.16 4 0
money/internal/crypt/mail.go:16.16,18.3 1 0
money/internal/crypt/mail.go:21.2,22.21 2 0
money/internal/crypt/mail.go:25.38,32.16 4 0
money/internal/crypt/mail.go:32.16,34.3 1 0
money/internal/crypt/mail.go:37.2,39.33 2 0
money/internal/crypt/password.go:8.52,11.2 2 0
money/internal/crypt/password.go:14.52,17.2 2 0
money/internal/crypt/token.go:3.59,5.16 2 0
money/internal/crypt/token.go:5.16,7.3 1 0
money/internal/crypt/token.go:9.2,9.23 1 0
money/internal/http/cookie/session.go:10.102,12.16 2 0
money/internal/http/cookie/session.go:12.16,14.3 1 0
money/internal/http/cookie/session.go:15.2,16.57 2 0
money/internal/http/cookie/token.go:8.64,17.2 1 0
money/internal/http/cookie/token.go:20.43,25.2 1 0
money/internal/http/cookie/token.go:28.59,38.16 2 0
money/internal/http/cookie/token.go:38.16,40.3 1 0
money/internal/http/cookie/token.go:41.2,41.21 1 0
money/internal/http/middle/admin.go:10.63,11.46 1 0
money/internal/http/middle/admin.go:11.46,12.72 1 0
money/internal/http/middle/admin.go:12.72,14.18 2 0
money/internal/http/middle/admin.go:14.18,17.5 2 0
money/internal/http/middle/admin.go:18.4,19.46 2 0
money/internal/http/middle/admin.go:19.46,22.5 2 0
money/internal/http/middle/admin.go:23.4,23.24 1 0
money/internal/http/middle/auth.go:10.62,11.46 1 0
money/internal/http/middle/auth.go:11.46,12.72 1 0
money/internal/http/middle/auth.go:12.72,14.18 2 0
money/internal/http/middle/auth.go:14.18,17.5 2 0
money/internal/http/middle/auth.go:18.4,19.75 2 0
money/internal/http/middle/auth.go:19.75,22.5 2 0
money/internal/http/middle/auth.go:23.4,23.24 1 0
money/internal/http/middle/log.go:7.46,8.71 1 0
money/internal/http/middle/log.go:8.71,11.3 1 0
money/internal/http/page/html.go:13.80,15.16 2 0
money/internal/http/page/html.go:15.16,17.3 1 0
money/internal/http/page/html.go:18.2,20.16 3 0
money/internal/http/page/html.go:20.16,23.3 2 0
money/internal/http/page/html.go:25.2,26.16 2 0
money/internal/http/page/html.go:26.16,29.3 2 0
money/internal/http/page/html.go:30.2,30.12 1 0
money/internal/http/page/page.go:13.41,15.27 2 0
money/internal/http/page/page.go:15.27,17.3 1 0
money/internal/http/page/page.go:18.2,18.10 1 0
money/internal/http/page/page.go:22.46,23.23 1 0
money/internal/http/page/page.go:23.23,25.3 1 0
money/internal/http/page/page.go:29.51,30.23 1 0
money/internal/http/page/page.go:30.23,32.3 1 0
money/internal/http/page/page.go:35.47,36.23 1 0
money/internal/http/page/page.go:36.23,38.3 1 0
money/internal/http/page/path.go:7.41,16.2 8 0
money/internal/http/page/url.go:3.76,6.33 2 0
money/internal/http/page/url.go:6.33,7.18 1 0
money/internal/http/page/url.go:7.18,9.4 1 0
money/internal/http/page/url.go:11.2,11.39 1 0
money/internal/http/server/config.go:10.57,34.2 19 0
money/internal/http/server/config.go:36.63,40.2 3 0
money/internal/http/server/config.go:42.36,46.2 2 0
money/internal/http/server/confirm.go:12.69,21.16 5 0
money/internal/http/server/confirm.go:21.16,23.3 1 0
money/internal/http/server/confirm.go:24.2,26.16 3 0
money/internal/http/server/confirm.go:26.16,28.3 1 0
money/internal/http/server/confirm.go:30.2,33.20 3 0
money/internal/http/server/confirm.go:33.20,40.3 5 0
money/internal/http/server/confirm.go:41.2,41.70 1 0
money/internal/http/server/forbidden.go:8.68,11.2 2 0
money/internal/http/server/index.go:9.64,12.16 2 0
money/internal/http/server/index.go:12.16,15.3 2 0
money/internal/http/server/index.go:17.2,18.30 2 0
money/internal/http/server/index.go:19.22,20.39 1 0
money/internal/http/server/index.go:21.20,22.66 1 0
money/internal/http/server/index.go:23.22,24.61 1 0
money/internal/http/server/index.go:25.21,26.61 1 0
money/internal/http/server/index.go:27.25,28.61 1 0
money/internal/http/server/login.go:11.68,16.16 4 0
money/internal/http/server/login.go:16.16,24.3 7 0
money/internal/http/server/login.go:26.2,29.69 3 0
money/internal/http/server/logout.go:8.65,20.2 6 0
money/internal/http/server/main.go:9.63,12.16 2 0
money/internal/http/server/main.go:12.16,15.3 2 0
money/internal/http/server/main.go:17.2,17.30 1 0
money/internal/http/server/main.go:18.22,20.38 2 0
money/internal/http/server/main.go:21.20,22.66 1 0
money/internal/http/server/main.go:23.21,25.37 2 0
money/internal/http/server/main.go:26.25,28.41 2 0
money/internal/http/server/projectConnectPost.go:14.77,16.16 2 0
money/internal/http/server/projectConnectPost.go:16.16,22.3 3 0
money/internal/http/server/projectConnectPost.go:24.2,24.44 1 0
money/internal/http/server/projectConnectPost.go:24.44,30.3 3 0
money/internal/http/server/projectConnectPost.go:32.2,33.16 2 0
money/internal/http/server/projectConnectPost.go:33.16,39.3 3 0
money/internal/http/server/projectConnectPost.go:41.2,42.16 2 0
money/internal/http/server/projectConnectPost.go:42.16,48.3 3 0
money/internal/http/server/projectConnectPost.go:50.2,51.16 2 0
money/internal/http/server/projectConnectPost.go:51.16,57.3 3 0
money/internal/http/server/projectConnectPost.go:58.2,58.85 1 0
money/internal/http/server/projectCreatePost.go:13.76,15.16 2 0
money/internal/http/server/projectCreatePost.go:15.16,21.3 3 0
money/internal/http/server/projectCreatePost.go:23.2,29.16 4 0
money/internal/http/server/projectCreatePost.go:29.16,39.3 7 0
money/internal/http/server/projectCreatePost.go:40.2,40.59 1 0
money/internal/http/server/projectDisconnectGet.go:15.79,17.16 2 0
money/internal/http/server/projectDisconnectGet.go:17.16,23.3 3 0
money/internal/http/server/projectDisconnectGet.go:25.2,26.16 2 0
money/internal/http/server/projectDisconnectGet.go:26.16,32.3 3 0
money/internal/http/server/projectDisconnectGet.go:33.2,34.16 2 0
money/internal/http/server/projectDisconnectGet.go:34.16,40.3 3 0
money/internal/http/server/projectDisconnectGet.go:41.2,44.68 3 0
money/internal/http/server/projectDisconnectGet.go:44.68,47.3 2 0
money/internal/http/server/projectDisconnectGet.go:48.2,51.16 3 0
money/internal/http/server/projectDisconnectGet.go:51.16,57.3 3 0
money/internal/http/server/projectDisconnectGet.go:59.2,59.85 1 0
money/internal/http/server/projectListGet.go:13.73,15.16 2 0
money/internal/http/server/projectListGet.go:15.16,21.3 3 0
money/internal/http/server/projectListGet.go:23.2,29.44 5 0
money/internal/http/server/projectListGet.go:29.44,31.17 2 0
money/internal/http/server/projectListGet.go:31.17,36.4 3 0
money/internal/http/server/projectListGet.go:38.8,40.17 2 0
money/internal/http/server/projectListGet.go:40.17,45.4 3 0
money/internal/http/server/projectListGet.go:49.2,51.30 3 0
money/internal/http/server/projectListGet.go:52.22,53.46 1 0
money/internal/http/server/projectListGet.go:54.25,55.49 1 0
money/internal/http/server/projectListGet.go:56.21,57.45 1 0
money/internal/http/server/projectUpdateGet.go:14.75,16.16 2 0
money/internal/http/server/projectUpdateGet.go:16.16,22.3 3 0
money/internal/http/server/projectUpdateGet.go:24.2,27.85 2 0
money/internal/http/server/projectUpdateGet.go:27.85,33.3 3 0
money/internal/http/server/projectUpdateGet.go:34.2,39.16 5 0
money/internal/http/server/projectUpdateGet.go:39.16,45.3 3 0
money/internal/http/server/projectUpdateGet.go:47.2,48.16 2 0
money/internal/http/server/projectUpdateGet.go:48.16,54.3 3 0
money/internal/http/server/projectUpdateGet.go:56.2,57.16 2 0
money/internal/http/server/projectUpdateGet.go:57.16,63.3 3 0
money/internal/http/server/projectUpdateGet.go:65.2,69.39 4 0
money/internal/http/server/projectUpdatePost.go:14.76,16.16 2 0
money/internal/http/server/projectUpdatePost.go:16.16,22.3 3 0
money/internal/http/server/projectUpdatePost.go:24.2,26.85 2 0
money/internal/http/server/projectUpdatePost.go:26.85,32.3 3 0
money/internal/http/server/projectUpdatePost.go:34.2,35.16 2 0
money/internal/http/server/projectUpdatePost.go:35.16,41.3 3 0
money/internal/http/server/projectUpdatePost.go:43.2,57.16 5 0
money/internal/http/server/projectUpdatePost.go:57.16,67.3 7 0
money/internal/http/server/projectUpdatePost.go:68.2,68.56 1 0
money/internal/http/server/regGet.go:8.65,10.2 1 0
money/internal/http/server/regPost.go:11.66,25.16 3 0
money/internal/http/server/regPost.go:25.16,35.3 9 0
money/internal/http/server/regPost.go:37.2,38.16 2 0
money/internal/http/server/regPost.go:38.16,48.3 9 0
money/internal/http/server/regPost.go:50.2,52.65 2 0
money/internal/http/server/send.go:9.63,11.16 2 0
money/internal/http/server/send.go:11.16,14.3 2 0
money/internal/http/server/send.go:16.2,17.74 2 0
money/internal/http/server/session.go:10.69,12.16 2 0
money/internal/http/server/session.go:12.16,15.3 1 0
money/internal/http/server/session.go:17.2,18.16 2 0
money/internal/http/server/session.go:18.16,21.3 1 0
money/internal/http/server/session.go:22.2,22.16 1 0
money/internal/http/server/shutdown.go:15.37,18.12 3 0
money/internal/http/server/shutdown.go:18.12,31.45 5 0
money/internal/http/server/shutdown.go:31.45,36.4 1 0
money/internal/http/server/shutdown.go:39.3,39.16 1 0
money/internal/http/server/start.go:17.95,50.16 15 0
money/internal/http/server/start.go:50.16,54.3 1 0
money/internal/http/server/start.go:56.2,60.12 2 0
money/internal/http/server/userListGet.go:10.70,12.58 2 0
money/internal/http/server/userListGet.go:12.58,14.3 1 0
money/internal/http/server/userListGet.go:15.2,18.16 4 0
money/internal/http/server/userListGet.go:18.16,21.3 2 0
money/internal/http/server/userListGet.go:22.2,24.37 3 0
money/internal/http/server/userUpdateGet.go:14.72,16.16 2 0
money/internal/http/server/userUpdateGet.go:16.16,22.3 3 0
money/internal/http/server/userUpdateGet.go:24.2,27.85 2 0
money/internal/http/server/userUpdateGet.go:27.85,33.3 3 0
money/internal/http/server/userUpdateGet.go:34.2,39.16 5 0
money/internal/http/server/userUpdateGet.go:39.16,45.3 3 0
money/internal/http/server/userUpdateGet.go:48.2,49.16 2 0
money/internal/http/server/userUpdateGet.go:49.16,55.3 3 0
money/internal/http/server/userUpdateGet.go:58.2,59.16 2 0
money/internal/http/server/userUpdateGet.go:59.16,65.3 3 0
money/internal/http/server/userUpdateGet.go:67.2,68.16 2 0
money/internal/http/server/userUpdateGet.go:68.16,74.3 3 0
money/internal/http/server/userUpdateGet.go:77.2,78.16 2 0
money/internal/http/server/userUpdateGet.go:78.16,84.3 3 0
money/internal/http/server/userUpdateGet.go:86.2,92.39 6 0
money/internal/http/server/userUpdatePost.go:14.73,16.16 2 0
money/internal/http/server/userUpdatePost.go:16.16,22.3 3 0
money/internal/http/server/userUpdatePost.go:24.2,26.85 2 0
money/internal/http/server/userUpdatePost.go:26.85,32.3 3 0
money/internal/http/server/userUpdatePost.go:34.2,35.16 2 0
money/internal/http/server/userUpdatePost.go:35.16,41.3 3 0
money/internal/http/server/userUpdatePost.go:43.2,57.16 5 0
money/internal/http/server/userUpdatePost.go:57.16,67.3 7 0
money/internal/http/server/userUpdatePost.go:68.2,68.56 1 0
money/internal/http/server/verifyPost.go:12.69,15.16 2 0
money/internal/http/server/verifyPost.go:15.16,18.3 2 0
money/internal/http/server/verifyPost.go:20.2,26.16 6 0
money/internal/http/server/verifyPost.go:26.16,34.3 7 0
money/internal/http/server/verifyPost.go:36.2,37.16 2 0
money/internal/http/server/verifyPost.go:37.16,45.3 7 0
money/internal/http/server/verifyPost.go:47.2,48.60 2 0
money/internal/logger/init.go:13.13,15.76 1 0
money/internal/logger/init.go:15.76,17.3 1 0
money/internal/logger/init.go:20.2,40.50 3 0
money/internal/msg/filler/filler.go:21.84,27.2 1 0
money/internal/msg/filler/work.go:15.97,24.2 2 0
money/internal/msg/filler/work.go:27.71,31.6 3 0
money/internal/msg/filler/work.go:31.6,32.10 1 0
money/internal/msg/filler/work.go:33.24,34.11 1 0
money/internal/msg/filler/work.go:34.11,40.5 3 0
money/internal/msg/filler/work.go:41.11,44.18 2 0
money/internal/msg/filler/work.go:44.18,48.5 1 0
money/internal/msg/filler/work.go:50.4,50.27 1 0
money/internal/msg/filler/work.go:50.27,54.5 3 0
money/internal/msg/filler/work.go:56.3,56.52 1 0
money/internal/msg/sender/sender.go:35.166,49.2 3 0
money/internal/msg/sender/sender.go:51.102,52.40 1 0
money/internal/msg/sender/sender.go:52.40,69.3 2 0
money/internal/msg/sender/sender.go:73.71,80.6 3 0
money/internal/msg/sender/sender.go:80.6,82.10 1 0
money/internal/msg/sender/sender.go:83.24,84.11 1 0
money/internal/msg/sender/sender.go:84.11,86.28 2 0
money/internal/msg/sender/sender.go:86.28,89.20 3 0
money/internal/msg/sender/sender.go:89.20,93.12 2 0
money/internal/msg/sender/sender.go:95.6,97.7 1 0
money/internal/msg/sender/sender.go:100.5,104.11 3 0
money/internal/msg/sender/sender.go:106.11,110.14 2 0
money/internal/msg/sender/sender.go:110.14,113.18 2 0
money/internal/msg/sender/sender.go:113.18,116.6 2 0
money/internal/msg/sender/sender.go:117.5,118.19 2 0
money/internal/msg/sender/sender.go:118.19,124.6 3 0
money/internal/msg/sender/sender.go:125.5,128.16 2 0
money/internal/msg/sender/sender.go:130.4,130.53 1 0
money/internal/msg/sender/work.go:14.46,15.48 1 0
money/internal/msg/sender/work.go:15.48,25.62 3 0
money/internal/msg/sender/work.go:25.62,30.4 2 0
money/internal/msg/sender/work.go:33.2,37.12 4 0
money/internal/queue/msg.go:11.46,13.2 1 0
money/internal/queue/msg.go:16.34,18.2 1 0
money/internal/queue/msg.go:21.36,26.2 2 0
money/internal/queue/msg.go:29.48,30.9 1 0
money/internal/queue/msg.go:31.21,32.13 1 0
money/internal/queue/msg.go:33.10,34.13 1 0
money/internal/repo/postgres/msg.go:10.91,14.16 3 0
money/internal/repo/postgres/msg.go:14.16,17.3 2 0
money/internal/repo/postgres/msg.go:19.2,19.16 1 0
money/internal/repo/postgres/msg.go:22.81,25.16 2 0
money/internal/repo/postgres/msg.go:25.16,28.3 2 0
money/internal/repo/postgres/msg.go:29.2,29.12 1 0
money/internal/repo/postgres/postgres.go:20.86,28.10 2 0
money/internal/repo/postgres/postgres.go:28.10,34.20 5 0
money/internal/repo/postgres/postgres.go:34.20,37.5 1 0
money/internal/repo/postgres/postgres.go:38.4,39.29 2 0
money/internal/repo/postgres/postgres.go:42.2,42.18 1 0
money/internal/repo/postgres/postgres.go:42.18,47.3 2 0
money/internal/repo/postgres/postgres.go:49.2,49.16 1 0
money/internal/repo/postgres/postgres.go:52.40,54.2 1 0
money/internal/repo/postgres/postgres.go:56.39,58.2 1 0
money/internal/repo/postgres/project.go:11.85,13.16 2 0
money/internal/repo/postgres/project.go:13.16,15.3 1 0
money/internal/repo/postgres/project.go:16.2,16.12 1 0
money/internal/repo/postgres/project.go:19.85,22.16 2 0
money/internal/repo/postgres/project.go:22.16,24.3 1 0
money/internal/repo/postgres/project.go:26.2,26.12 1 0
money/internal/repo/postgres/project.go:29.85,31.2 1 0
money/internal/repo/postgres/project.go:33.90,36.16 3 0
money/internal/repo/postgres/project.go:36.16,40.3 2 0
money/internal/repo/postgres/project.go:41.2,41.15 1 0
money/internal/repo/postgres/project.go:44.105,47.16 3 0
money/internal/repo/postgres/project.go:47.16,51.3 2 0
money/internal/repo/postgres/project.go:52.2,52.15 1 0
money/internal/repo/postgres/project.go:55.85,57.16 2 0
money/internal/repo/postgres/project.go:57.16,59.3 1 0
money/internal/repo/postgres/project.go:61.2,61.12 1 0
money/internal/repo/postgres/project.go:64.103,66.16 2 0
money/internal/repo/postgres/project.go:66.16,70.3 2 0
money/internal/repo/postgres/project.go:72.2,72.12 1 0
money/internal/repo/postgres/project.go:75.95,77.16 2 0
money/internal/repo/postgres/project.go:77.16,81.3 2 0
money/internal/repo/postgres/project.go:83.2,83.12 1 0
money/internal/repo/postgres/project.go:86.116,89.16 3 0
money/internal/repo/postgres/project.go:89.16,93.3 2 0
money/internal/repo/postgres/project.go:95.2,95.16 1 0
money/internal/repo/postgres/project.go:98.108,100.2 1 0
money/internal/repo/postgres/session.go:9.92,11.2 1 0
money/internal/repo/postgres/session.go:14.79,16.2 1 0
money/internal/repo/postgres/session.go:19.76,21.2 1 0
money/internal/repo/postgres/stmt.go:5.48,17.2 10 0
money/internal/repo/postgres/stmt.go:19.55,24.16 2 0
money/internal/repo/postgres/stmt.go:24.16,26.3 1 0
money/internal/repo/postgres/stmt.go:28.2,29.12 2 0
money/internal/repo/postgres/stmt.go:32.52,37.16 2 0
money/internal/repo/postgres/stmt.go:37.16,39.3 1 0
money/internal/repo/postgres/stmt.go:41.2,45.16 2 0
money/internal/repo/postgres/stmt.go:45.16,47.3 1 0
money/internal/repo/postgres/stmt.go:48.2,51.16 2 0
money/internal/repo/postgres/stmt.go:51.16,53.3 1 0
money/internal/repo/postgres/stmt.go:55.2,59.16 2 0
money/internal/repo/postgres/stmt.go:59.16,61.3 1 0
money/internal/repo/postgres/stmt.go:63.2,67.16 2 0
money/internal/repo/postgres/stmt.go:67.16,69.3 1 0
money/internal/repo/postgres/stmt.go:71.2,74.16 2 0
money/internal/repo/postgres/stmt.go:74.16,76.3 1 0
money/internal/repo/postgres/stmt.go:77.2,80.16 2 0
money/internal/repo/postgres/stmt.go:80.16,82.3 1 0
money/internal/repo/postgres/stmt.go:83.2,90.12 8 0
money/internal/repo/postgres/stmt.go:93.51,98.16 2 0
money/internal/repo/postgres/stmt.go:98.16,100.3 1 0
money/internal/repo/postgres/stmt.go:102.2,105.16 2 0
money/internal/repo/postgres/stmt.go:105.16,107.3 1 0
money/internal/repo/postgres/stmt.go:108.2,112.16 2 0
money/internal/repo/postgres/stmt.go:112.16,114.3 1 0
money/internal/repo/postgres/stmt.go:115.2,119.16 2 0
money/internal/repo/postgres/stmt.go:119.16,121.3 1 0
money/internal/repo/postgres/stmt.go:123.2,127.16 2 0
money/internal/repo/postgres/stmt.go:127.16,129.3 1 0
money/internal/repo/postgres/stmt.go:131.2,136.12 6 0
money/internal/repo/postgres/stmt.go:139.52,143.16 2 0
money/internal/repo/postgres/stmt.go:143.16,145.3 1 0
money/internal/repo/postgres/stmt.go:147.2,148.12 2 0
money/internal/repo/postgres/stmt.go:151.53,155.16 2 0
money/internal/repo/postgres/stmt.go:155.16,157.3 1 0
money/internal/repo/postgres/stmt.go:171.2,172.12 2 0
money/internal/repo/postgres/stmt.go:175.55,181.16 2 0
money/internal/repo/postgres/stmt.go:181.16,183.3 1 0
money/internal/repo/postgres/stmt.go:185.2,188.16 2 0
money/internal/repo/postgres/stmt.go:188.16,190.3 1 0
money/internal/repo/postgres/stmt.go:192.2,195.16 2 0
money/internal/repo/postgres/stmt.go:195.16,197.3 1 0
money/internal/repo/postgres/stmt.go:199.2,202.16 2 0
money/internal/repo/postgres/stmt.go:202.16,204.3 1 0
money/internal/repo/postgres/stmt.go:206.2,208.16 2 0
money/internal/repo/postgres/stmt.go:208.16,210.3 1 0
money/internal/repo/postgres/stmt.go:212.2,218.16 2 0
money/internal/repo/postgres/stmt.go:218.16,220.3 1 0
money/internal/repo/postgres/stmt.go:222.2,224.16 2 0
money/internal/repo/postgres/stmt.go:224.16,226.3 1 0
money/internal/repo/postgres/stmt.go:228.2,230.16 2 0
money/internal/repo/postgres/stmt.go:230.16,232.3 1 0
money/internal/repo/postgres/stmt.go:234.2,240.16 2 0
money/internal/repo/postgres/stmt.go:240.16,242.3 1 0
money/internal/repo/postgres/stmt.go:244.2,254.12 10 0
money/internal/repo/postgres/stmt.go:257.52,259.2 1 0
money/internal/repo/postgres/stmt.go:261.56,263.2 1 0
money/internal/repo/postgres/stmt.go:265.57,267.2 1 0
money/internal/repo/postgres/user.go:16.108,17.19 1 0
money/internal/repo/postgres/user.go:17.19,19.3 1 0
money/internal/repo/postgres/user.go:20.2,20.22 1 0
money/internal/repo/postgres/user.go:20.22,22.3 1 0
money/internal/repo/postgres/user.go:24.2,25.16 2 0
money/internal/repo/postgres/user.go:25.16,28.3 2 0
money/internal/repo/postgres/user.go:30.2,31.16 2 0
money/internal/repo/postgres/user.go:31.16,34.3 2 0
money/internal/repo/postgres/user.go:36.2,38.16 2 0
money/internal/repo/postgres/user.go:38.16,39.22 1 0
money/internal/repo/postgres/user.go:40.99,42.83 2 0
money/internal/repo/postgres/user.go:43.99,45.117 2 0
money/internal/repo/postgres/user.go:47.3,49.18 3 0
money/internal/repo/postgres/user.go:52.2,53.16 2 0
money/internal/repo/postgres/user.go:53.16,57.3 3 0
money/internal/repo/postgres/user.go:59.2,63.16 4 0
money/internal/repo/postgres/user.go:63.16,67.3 3 0
money/internal/repo/postgres/user.go:69.2,71.21 2 0
money/internal/repo/postgres/user.go:74.95,76.16 2 0
money/internal/repo/postgres/user.go:76.16,79.3 2 0
money/internal/repo/postgres/user.go:80.2,83.16 3 0
money/internal/repo/postgres/user.go:83.16,87.3 3 0
money/internal/repo/postgres/user.go:89.2,89.17 1 0
money/internal/repo/postgres/user.go:89.17,92.3 2 0
money/internal/repo/postgres/user.go:93.2,97.16 3 0
money/internal/repo/postgres/user.go:97.16,101.3 3 0
money/internal/repo/postgres/user.go:104.2,105.16 2 0
money/internal/repo/postgres/user.go:105.16,109.3 3 0
money/internal/repo/postgres/user.go:110.2,111.12 2 0
money/internal/repo/postgres/user.go:115.81,121.16 3 0
money/internal/repo/postgres/user.go:121.16,123.3 1 0
money/internal/repo/postgres/user.go:125.2,125.48 1 0
money/internal/repo/postgres/user.go:125.48,127.3 1 0
money/internal/repo/postgres/user.go:130.2,132.12 2 0
money/internal/repo/postgres/user.go:136.136,140.16 3 0
money/internal/repo/postgres/user.go:140.16,142.3 1 0
money/internal/repo/postgres/user.go:144.2,144.49 1 0
money/internal/repo/postgres/user.go:144.49,146.3 1 0
money/internal/repo/postgres/user.go:149.2,150.16 2 0
money/internal/repo/postgres/user.go:150.16,153.3 2 0
money/internal/repo/postgres/user.go:155.2,158.16 3 0
money/internal/repo/postgres/user.go:158.16,161.3 2 0
money/internal/repo/postgres/user.go:164.2,165.16 2 0
money/internal/repo/postgres/user.go:165.16,168.3 2 0
money/internal/repo/postgres/user.go:171.2,175.16 3 0
money/internal/repo/postgres/user.go:175.16,179.3 3 0
money/internal/repo/postgres/user.go:181.2,183.17 2 0
money/internal/repo/postgres/user.go:187.79,189.2 1 0
money/internal/repo/postgres/user.go:192.84,195.16 3 0
money/internal/repo/postgres/user.go:195.16,199.3 2 0
money/internal/repo/postgres/user.go:200.2,200.15 1 0
money/internal/repo/postgres/user.go:204.79,207.16 2 0
money/internal/repo/postgres/user.go:207.16,209.3 1 0
money/internal/repo/postgres/user.go:211.2,211.12 1 0
money/internal/repo/postgres/user.go:215.87,218.16 2 0
money/internal/repo/postgres/user.go:218.16,220.3 1 0
money/internal/repo/postgres/user.go:221.2,222.16 2 0
money/internal/repo/postgres/user.go:222.16,224.3 1 0
money/internal/repo/postgres/user.go:225.2,225.12 1 0
money/internal/queue/msg.go:11.46,13.2 1 0
money/internal/queue/msg.go:16.34,18.2 1 0
money/internal/queue/msg.go:21.36,26.2 2 0
money/internal/queue/msg.go:29.48,30.9 1 0
money/internal/queue/msg.go:31.21,32.13 1 0
money/internal/queue/msg.go:33.10,34.13 1 0
money/internal/repo/postgres/msg.go:10.91,14.16 3 0
money/internal/repo/postgres/msg.go:14.16,17.3 2 0
money/internal/repo/postgres/msg.go:19.2,19.16 1 0
money/internal/repo/postgres/msg.go:22.81,25.16 2 0
money/internal/repo/postgres/msg.go:25.16,28.3 2 0
money/internal/repo/postgres/msg.go:29.2,29.12 1 0
money/internal/repo/postgres/postgres.go:20.86,28.10 2 0
money/internal/repo/postgres/postgres.go:28.10,34.20 5 0
money/internal/repo/postgres/postgres.go:34.20,37.5 1 0
money/internal/repo/postgres/postgres.go:38.4,39.29 2 0
money/internal/repo/postgres/postgres.go:42.2,42.18 1 0
money/internal/repo/postgres/postgres.go:42.18,47.3 2 0
money/internal/repo/postgres/postgres.go:49.2,49.16 1 0
money/internal/repo/postgres/postgres.go:52.40,54.2 1 0
money/internal/repo/postgres/postgres.go:56.39,58.2 1 0
money/internal/repo/postgres/project.go:11.85,13.16 2 0
money/internal/repo/postgres/project.go:13.16,15.3 1 0
money/internal/repo/postgres/project.go:16.2,16.12 1 0
money/internal/repo/postgres/project.go:19.85,22.16 2 0
money/internal/repo/postgres/project.go:22.16,24.3 1 0
money/internal/repo/postgres/project.go:26.2,26.12 1 0
money/internal/repo/postgres/project.go:29.85,31.2 1 0
money/internal/repo/postgres/project.go:33.90,36.16 3 0
money/internal/repo/postgres/project.go:36.16,40.3 2 0
money/internal/repo/postgres/project.go:41.2,41.15 1 0
money/internal/repo/postgres/project.go:44.105,47.16 3 0
money/internal/repo/postgres/project.go:47.16,51.3 2 0
money/internal/repo/postgres/project.go:52.2,52.15 1 0
money/internal/repo/postgres/project.go:55.85,57.16 2 0
money/internal/repo/postgres/project.go:57.16,59.3 1 0
money/internal/repo/postgres/project.go:61.2,61.12 1 0
money/internal/repo/postgres/project.go:64.103,66.16 2 0
money/internal/repo/postgres/project.go:66.16,70.3 2 0
money/internal/repo/postgres/project.go:72.2,72.12 1 0
money/internal/repo/postgres/project.go:75.95,77.16 2 0
money/internal/repo/postgres/project.go:77.16,81.3 2 0
money/internal/repo/postgres/project.go:83.2,83.12 1 0
money/internal/repo/postgres/project.go:86.116,89.16 3 0
money/internal/repo/postgres/project.go:89.16,93.3 2 0
money/internal/repo/postgres/project.go:95.2,95.16 1 0
money/internal/repo/postgres/project.go:98.108,100.2 1 0
money/internal/repo/postgres/session.go:9.92,11.2 1 0
money/internal/repo/postgres/session.go:14.79,16.2 1 0
money/internal/repo/postgres/session.go:19.76,21.2 1 0
money/internal/repo/postgres/stmt.go:5.48,17.2 10 0
money/internal/repo/postgres/stmt.go:19.55,24.16 2 0
money/internal/repo/postgres/stmt.go:24.16,26.3 1 0
money/internal/repo/postgres/stmt.go:28.2,29.12 2 0
money/internal/repo/postgres/stmt.go:32.52,37.16 2 0
money/internal/repo/postgres/stmt.go:37.16,39.3 1 0
money/internal/repo/postgres/stmt.go:41.2,45.16 2 0
money/internal/repo/postgres/stmt.go:45.16,47.3 1 0
money/internal/repo/postgres/stmt.go:48.2,51.16 2 0
money/internal/repo/postgres/stmt.go:51.16,53.3 1 0
money/internal/repo/postgres/stmt.go:55.2,59.16 2 0
money/internal/repo/postgres/stmt.go:59.16,61.3 1 0
money/internal/repo/postgres/stmt.go:63.2,67.16 2 0
money/internal/repo/postgres/stmt.go:67.16,69.3 1 0
money/internal/repo/postgres/stmt.go:71.2,74.16 2 0
money/internal/repo/postgres/stmt.go:74.16,76.3 1 0
money/internal/repo/postgres/stmt.go:77.2,80.16 2 0
money/internal/repo/postgres/stmt.go:80.16,82.3 1 0
money/internal/repo/postgres/stmt.go:83.2,90.12 8 0
money/internal/repo/postgres/stmt.go:93.51,98.16 2 0
money/internal/repo/postgres/stmt.go:98.16,100.3 1 0
money/internal/repo/postgres/stmt.go:102.2,105.16 2 0
money/internal/repo/postgres/stmt.go:105.16,107.3 1 0
money/internal/repo/postgres/stmt.go:108.2,112.16 2 0
money/internal/repo/postgres/stmt.go:112.16,114.3 1 0
money/internal/repo/postgres/stmt.go:115.2,119.16 2 0
money/internal/repo/postgres/stmt.go:119.16,121.3 1 0
money/internal/repo/postgres/stmt.go:123.2,127.16 2 0
money/internal/repo/postgres/stmt.go:127.16,129.3 1 0
money/internal/repo/postgres/stmt.go:131.2,136.12 6 0
money/internal/repo/postgres/stmt.go:139.52,143.16 2 0
money/internal/repo/postgres/stmt.go:143.16,145.3 1 0
money/internal/repo/postgres/stmt.go:147.2,148.12 2 0
money/internal/repo/postgres/stmt.go:151.53,155.16 2 0
money/internal/repo/postgres/stmt.go:155.16,157.3 1 0
money/internal/repo/postgres/stmt.go:171.2,172.12 2 0
money/internal/repo/postgres/stmt.go:175.55,181.16 2 0
money/internal/repo/postgres/stmt.go:181.16,183.3 1 0
money/internal/repo/postgres/stmt.go:185.2,188.16 2 0
money/internal/repo/postgres/stmt.go:188.16,190.3 1 0
money/internal/repo/postgres/stmt.go:192.2,195.16 2 0
money/internal/repo/postgres/stmt.go:195.16,197.3 1 0
money/internal/repo/postgres/stmt.go:199.2,202.16 2 0
money/internal/repo/postgres/stmt.go:202.16,204.3 1 0
money/internal/repo/postgres/stmt.go:206.2,208.16 2 0
money/internal/repo/postgres/stmt.go:208.16,210.3 1 0
money/internal/repo/postgres/stmt.go:212.2,218.16 2 0
money/internal/repo/postgres/stmt.go:218.16,220.3 1 0
money/internal/repo/postgres/stmt.go:222.2,224.16 2 0
money/internal/repo/postgres/stmt.go:224.16,226.3 1 0
money/internal/repo/postgres/stmt.go:228.2,230.16 2 0
money/internal/repo/postgres/stmt.go:230.16,232.3 1 0
money/internal/repo/postgres/stmt.go:234.2,240.16 2 0
money/internal/repo/postgres/stmt.go:240.16,242.3 1 0
money/internal/repo/postgres/stmt.go:244.2,254.12 10 0
money/internal/repo/postgres/stmt.go:257.52,259.2 1 0
money/internal/repo/postgres/stmt.go:261.56,263.2 1 0
money/internal/repo/postgres/stmt.go:265.57,267.2 1 0
money/internal/repo/postgres/user.go:16.108,17.19 1 0
money/internal/repo/postgres/user.go:17.19,19.3 1 0
money/internal/repo/postgres/user.go:20.2,20.22 1 0
money/internal/repo/postgres/user.go:20.22,22.3 1 0
money/internal/repo/postgres/user.go:24.2,25.16 2 0
money/internal/repo/postgres/user.go:25.16,28.3 2 0
money/internal/repo/postgres/user.go:30.2,31.16 2 0
money/internal/repo/postgres/user.go:31.16,34.3 2 0
money/internal/repo/postgres/user.go:36.2,38.16 2 0
money/internal/repo/postgres/user.go:38.16,39.22 1 0
money/internal/repo/postgres/user.go:40.99,42.83 2 0
money/internal/repo/postgres/user.go:43.99,45.117 2 0
money/internal/repo/postgres/user.go:47.3,49.18 3 0
money/internal/repo/postgres/user.go:52.2,53.16 2 0
money/internal/repo/postgres/user.go:53.16,57.3 3 0
money/internal/repo/postgres/user.go:59.2,63.16 4 0
money/internal/repo/postgres/user.go:63.16,67.3 3 0
money/internal/repo/postgres/user.go:69.2,71.21 2 0
money/internal/repo/postgres/user.go:74.95,76.16 2 0
money/internal/repo/postgres/user.go:76.16,79.3 2 0
money/internal/repo/postgres/user.go:80.2,83.16 3 0
money/internal/repo/postgres/user.go:83.16,87.3 3 0
money/internal/repo/postgres/user.go:89.2,89.17 1 0
money/internal/repo/postgres/user.go:89.17,92.3 2 0
money/internal/repo/postgres/user.go:93.2,97.16 3 0
money/internal/repo/postgres/user.go:97.16,101.3 3 0
money/internal/repo/postgres/user.go:104.2,105.16 2 0
money/internal/repo/postgres/user.go:105.16,109.3 3 0
money/internal/repo/postgres/user.go:110.2,111.12 2 0
money/internal/repo/postgres/user.go:115.81,121.16 3 0
money/internal/repo/postgres/user.go:121.16,123.3 1 0
money/internal/repo/postgres/user.go:125.2,125.48 1 0
money/internal/repo/postgres/user.go:125.48,127.3 1 0
money/internal/repo/postgres/user.go:130.2,132.12 2 0
money/internal/repo/postgres/user.go:136.136,140.16 3 0
money/internal/repo/postgres/user.go:140.16,142.3 1 0
money/internal/repo/postgres/user.go:144.2,144.49 1 0
money/internal/repo/postgres/user.go:144.49,146.3 1 0
money/internal/repo/postgres/user.go:149.2,150.16 2 0
money/internal/repo/postgres/user.go:150.16,153.3 2 0
money/internal/repo/postgres/user.go:155.2,158.16 3 0
money/internal/repo/postgres/user.go:158.16,161.3 2 0
money/internal/repo/postgres/user.go:164.2,165.16 2 0
money/internal/repo/postgres/user.go:165.16,168.3 2 0
money/internal/repo/postgres/user.go:171.2,175.16 3 0
money/internal/repo/postgres/user.go:175.16,179.3 3 0
money/internal/repo/postgres/user.go:181.2,183.17 2 0
money/internal/repo/postgres/user.go:187.79,189.2 1 0
money/internal/repo/postgres/user.go:192.84,195.16 3 0
money/internal/repo/postgres/user.go:195.16,199.3 2 0
money/internal/repo/postgres/user.go:200.2,200.15 1 0
money/internal/repo/postgres/user.go:204.79,207.16 2 0
money/internal/repo/postgres/user.go:207.16,209.3 1 0
money/internal/repo/postgres/user.go:211.2,211.12 1 0
money/internal/repo/postgres/user.go:215.87,218.16 2 0
money/internal/repo/postgres/user.go:218.16,220.3 1 0
money/internal/repo/postgres/user.go:221.2,222.16 2 0
money/internal/repo/postgres/user.go:222.16,224.3 1 0
money/internal/repo/postgres/user.go:225.2,225.12 1 0
money/cmd/money/main.go:11.13,24.2 8 0
money/internal/cfg/once.go:27.75,29.10 1 0
money/internal/cfg/once.go:29.10,43.18 4 0
money/internal/cfg/once.go:43.18,45.5 1 0
money/internal/cfg/once.go:47.4,74.18 6 0
money/internal/cfg/once.go:74.18,75.15 1 0
money/internal/cfg/once.go:79.2,79.29 1 0
money/internal/cfg/storage.go:8.77,10.16 2 0
money/internal/cfg/storage.go:10.16,12.3 1 0
money/internal/cfg/storage.go:14.2,23.16 2 0
money/internal/core/email.go:19.55,22.27 2 0
money/internal/core/email.go:22.27,24.3 1 0
money/internal/core/email.go:25.2,25.10 1 0
money/internal/core/email.go:29.51,30.24 1 0
money/internal/core/email.go:30.24,32.17 2 0
money/internal/core/email.go:32.17,34.4 1 0
money/internal/core/email.go:39.47,40.24 1 0
money/internal/core/email.go:40.24,41.20 1 0
money/internal/core/email.go:42.27,43.107 1 0
money/internal/core/email.go:44.24,45.69 1 0
money/internal/core/email.go:46.26,47.56 1 0
money/internal/core/email.go:49.3,50.28 2 0
money/internal/core/email.go:55.61,56.24 1 0
money/internal/core/email.go:56.24,61.20 2 0
money/internal/core/email.go:62.27,66.28 4 0
money/internal/core/email.go:68.24,72.29 3 0
money/internal/core/email.go:73.26,77.29 3 0
money/internal/core/email.go:79.3,79.44 1 0
money/internal/core/level.go:31.76,41.2 8 0
money/internal/core/level.go:43.71,44.14 1 0
money/internal/core/level.go:45.9,47.26 2 0
money/internal/core/level.go:48.9,50.22 2 0
money/internal/core/level.go:51.9,53.34 2 0
money/internal/core/level.go:54.9,56.30 2 0
money/internal/core/level.go:57.9,59.46 2 0
money/internal/core/level.go:60.9,62.26 2 0
money/internal/core/level.go:65.2,65.12 1 0
money/internal/core/role.go:29.78,36.2 5 0
money/internal/core/role.go:38.68,39.14 1 0
money/internal/core/role.go:40.9,42.24 2 0
money/internal/core/role.go:43.9,45.40 2 0
money/internal/core/role.go:46.9,48.75 2 0
money/internal/core/role.go:49.9,51.67 2 0
money/internal/core/role.go:52.9,54.32 2 0
money/internal/core/role.go:57.2,57.12 1 0
money/internal/core/session.go:30.90,35.16 5 0
money/internal/core/session.go:35.16,37.3 1 0
money/internal/core/session.go:38.2,38.25 1 0
money/internal/core/session.go:42.65,44.16 2 0
money/internal/core/session.go:44.16,46.3 1 0
money/internal/core/session.go:48.2,48.111 1 0
money/internal/crypt/claims.go:19.96,29.2 1 0
money/internal/crypt/claims.go:31.56,33.94 2 0
money/internal/crypt/claims.go:33.94,35.58 1 0
money/internal/crypt/claims.go:35.58,37.4 1 0
money/internal/crypt/claims.go:38.3,38.29 1 0
money/internal/crypt/claims.go:41.2,41.30 1 0
money/internal/crypt/claims.go:41.30,43.3 1 0
money/internal/crypt/claims.go:44.2,44.20 1 0
money/internal/crypt/mail.go:9.34,16.16 4 0
money/internal/crypt/mail.go:16.16,18.3 1 0
money/internal/crypt/mail.go:21.2,22.21 2 0
money/internal/crypt/mail.go:25.38,32.16 4 0
money/internal/crypt/mail.go:32.16,34.3 1 0
money/internal/crypt/mail.go:37.2,39.33 2 0
money/internal/crypt/password.go:8.52,11.2 2 0
money/internal/crypt/password.go:14.52,17.2 2 0
money/internal/crypt/token.go:3.59,5.16 2 0
money/internal/crypt/token.go:5.16,7.3 1 0
money/internal/crypt/token.go:9.2,9.23 1 0
money/internal/http/cookie/session.go:10.102,12.16 2 0
money/internal/http/cookie/session.go:12.16,14.3 1 0
money/internal/http/cookie/session.go:15.2,16.57 2 0
money/internal/http/cookie/token.go:8.64,17.2 1 0
money/internal/http/cookie/token.go:20.43,25.2 1 0
money/internal/http/cookie/token.go:28.59,38.16 2 0
money/internal/http/cookie/token.go:38.16,40.3 1 0
money/internal/http/cookie/token.go:41.2,41.21 1 0
money/internal/http/middle/admin.go:10.63,11.46 1 0
money/internal/http/middle/admin.go:11.46,12.72 1 0
money/internal/http/middle/admin.go:12.72,14.18 2 0
money/internal/http/middle/admin.go:14.18,17.5 2 0
money/internal/http/middle/admin.go:18.4,19.46 2 0
money/internal/http/middle/admin.go:19.46,22.5 2 0
money/internal/http/middle/admin.go:23.4,23.24 1 0
money/internal/http/middle/auth.go:10.62,11.46 1 0
money/internal/http/middle/auth.go:11.46,12.72 1 0
money/internal/http/middle/auth.go:12.72,14.18 2 0
money/internal/http/middle/auth.go:14.18,17.5 2 0
money/internal/http/middle/auth.go:18.4,19.75 2 0
money/internal/http/middle/auth.go:19.75,22.5 2 0
money/internal/http/middle/auth.go:23.4,23.24 1 0
money/internal/http/middle/log.go:7.46,8.71 1 0
money/internal/http/middle/log.go:8.71,11.3 1 0
money/internal/http/page/html.go:13.80,15.16 2 0
money/internal/http/page/html.go:15.16,17.3 1 0
money/internal/http/page/html.go:18.2,20.16 3 0
money/internal/http/page/html.go:20.16,23.3 2 0
money/internal/http/page/html.go:25.2,26.16 2 0
money/internal/http/page/html.go:26.16,29.3 2 0
money/internal/http/page/html.go:30.2,30.12 1 0
money/internal/http/page/page.go:13.41,15.27 2 0
money/internal/http/page/page.go:15.27,17.3 1 0
money/internal/http/page/page.go:18.2,18.10 1 0
money/internal/http/page/page.go:22.46,23.23 1 0
money/internal/http/page/page.go:23.23,25.3 1 0
money/internal/http/page/page.go:29.51,30.23 1 0
money/internal/http/page/page.go:30.23,32.3 1 0
money/internal/http/page/page.go:35.47,36.23 1 0
money/internal/http/page/page.go:36.23,38.3 1 0
money/internal/http/page/path.go:7.41,16.2 8 0
money/internal/http/page/url.go:3.76,6.33 2 0
money/internal/http/page/url.go:6.33,7.18 1 0
money/internal/http/page/url.go:7.18,9.4 1 0
money/internal/http/page/url.go:11.2,11.39 1 0
money/internal/http/server/config.go:10.57,34.2 19 0
money/internal/http/server/config.go:36.63,40.2 3 0
money/internal/http/server/config.go:42.36,46.2 2 0
money/internal/http/server/confirm.go:12.69,21.16 5 0
money/internal/http/server/confirm.go:21.16,23.3 1 0
money/internal/http/server/confirm.go:24.2,26.16 3 0
money/internal/http/server/confirm.go:26.16,28.3 1 0
money/internal/http/server/confirm.go:30.2,33.20 3 0
money/internal/http/server/confirm.go:33.20,40.3 5 0
money/internal/http/server/confirm.go:41.2,41.70 1 0
money/internal/http/server/forbidden.go:8.68,11.2 2 0
money/internal/http/server/index.go:9.64,12.16 2 0
money/internal/http/server/index.go:12.16,15.3 2 0
money/internal/http/server/index.go:17.2,18.30 2 0
money/internal/http/server/index.go:19.22,20.39 1 0
money/internal/http/server/index.go:21.20,22.66 1 0
money/internal/http/server/index.go:23.22,24.61 1 0
money/internal/http/server/index.go:25.21,26.61 1 0
money/internal/http/server/index.go:27.25,28.61 1 0
money/internal/http/server/login.go:11.68,16.16 4 0
money/internal/http/server/login.go:16.16,24.3 7 0
money/internal/http/server/login.go:26.2,29.69 3 0
money/internal/http/server/logout.go:8.65,20.2 6 0
money/internal/http/server/main.go:9.63,12.16 2 0
money/internal/http/server/main.go:12.16,15.3 2 0
money/internal/http/server/main.go:17.2,17.30 1 0
money/internal/http/server/main.go:18.22,20.38 2 0
money/internal/http/server/main.go:21.20,22.66 1 0
money/internal/http/server/main.go:23.21,25.37 2 0
money/internal/http/server/main.go:26.25,28.41 2 0
money/internal/http/server/projectConnectPost.go:14.77,16.16 2 0
money/internal/http/server/projectConnectPost.go:16.16,22.3 3 0
money/internal/http/server/projectConnectPost.go:24.2,24.44 1 0
money/internal/http/server/projectConnectPost.go:24.44,30.3 3 0
money/internal/http/server/projectConnectPost.go:32.2,33.16 2 0
money/internal/http/server/projectConnectPost.go:33.16,39.3 3 0
money/internal/http/server/projectConnectPost.go:41.2,42.16 2 0
money/internal/http/server/projectConnectPost.go:42.16,48.3 3 0
money/internal/http/server/projectConnectPost.go:50.2,51.16 2 0
money/internal/http/server/projectConnectPost.go:51.16,57.3 3 0
money/internal/http/server/projectConnectPost.go:58.2,58.85 1 0
money/internal/http/server/projectCreatePost.go:13.76,15.16 2 0
money/internal/http/server/projectCreatePost.go:15.16,21.3 3 0
money/internal/http/server/projectCreatePost.go:23.2,29.16 4 0
money/internal/http/server/projectCreatePost.go:29.16,39.3 7 0
money/internal/http/server/projectCreatePost.go:40.2,40.59 1 0
money/internal/http/server/projectDisconnectGet.go:15.79,17.16 2 0
money/internal/http/server/projectDisconnectGet.go:17.16,23.3 3 0
money/internal/http/server/projectDisconnectGet.go:25.2,26.16 2 0
money/internal/http/server/projectDisconnectGet.go:26.16,32.3 3 0
money/internal/http/server/projectDisconnectGet.go:33.2,34.16 2 0
money/internal/http/server/projectDisconnectGet.go:34.16,40.3 3 0
money/internal/http/server/projectDisconnectGet.go:41.2,44.68 3 0
money/internal/http/server/projectDisconnectGet.go:44.68,47.3 2 0
money/internal/http/server/projectDisconnectGet.go:48.2,51.16 3 0
money/internal/http/server/projectDisconnectGet.go:51.16,57.3 3 0
money/internal/http/server/projectDisconnectGet.go:59.2,59.85 1 0
money/internal/http/server/projectListGet.go:13.73,15.16 2 0
money/internal/http/server/projectListGet.go:15.16,21.3 3 0
money/internal/http/server/projectListGet.go:23.2,29.44 5 0
money/internal/http/server/projectListGet.go:29.44,31.17 2 0
money/internal/http/server/projectListGet.go:31.17,36.4 3 0
money/internal/http/server/projectListGet.go:38.8,40.17 2 0
money/internal/http/server/projectListGet.go:40.17,45.4 3 0
money/internal/http/server/projectListGet.go:49.2,51.30 3 0
money/internal/http/server/projectListGet.go:52.22,53.46 1 0
money/internal/http/server/projectListGet.go:54.25,55.49 1 0
money/internal/http/server/projectListGet.go:56.21,57.45 1 0
money/internal/http/server/projectUpdateGet.go:14.75,16.16 2 0
money/internal/http/server/projectUpdateGet.go:16.16,22.3 3 0
money/internal/http/server/projectUpdateGet.go:24.2,27.85 2 0
money/internal/http/server/projectUpdateGet.go:27.85,33.3 3 0
money/internal/http/server/projectUpdateGet.go:34.2,39.16 5 0
money/internal/http/server/projectUpdateGet.go:39.16,45.3 3 0
money/internal/http/server/projectUpdateGet.go:47.2,48.16 2 0
money/internal/http/server/projectUpdateGet.go:48.16,54.3 3 0
money/internal/http/server/projectUpdateGet.go:56.2,57.16 2 0
money/internal/http/server/projectUpdateGet.go:57.16,63.3 3 0
money/internal/http/server/projectUpdateGet.go:65.2,69.39 4 0
money/internal/http/server/projectUpdatePost.go:14.76,16.16 2 0
money/internal/http/server/projectUpdatePost.go:16.16,22.3 3 0
money/internal/http/server/projectUpdatePost.go:24.2,26.85 2 0
money/internal/http/server/projectUpdatePost.go:26.85,32.3 3 0
money/internal/http/server/projectUpdatePost.go:34.2,35.16 2 0
money/internal/http/server/projectUpdatePost.go:35.16,41.3 3 0
money/internal/http/server/projectUpdatePost.go:43.2,57.16 5 0
money/internal/http/server/projectUpdatePost.go:57.16,67.3 7 0
money/internal/http/server/projectUpdatePost.go:68.2,68.56 1 0
money/internal/http/server/regGet.go:8.65,10.2 1 0
money/internal/http/server/regPost.go:11.66,25.16 3 0
money/internal/http/server/regPost.go:25.16,35.3 9 0
money/internal/http/server/regPost.go:37.2,38.16 2 0
money/internal/http/server/regPost.go:38.16,48.3 9 0
money/internal/http/server/regPost.go:50.2,52.65 2 0
money/internal/http/server/send.go:9.63,11.16 2 0
money/internal/http/server/send.go:11.16,14.3 2 0
money/internal/http/server/send.go:16.2,17.74 2 0
money/internal/http/server/session.go:10.69,12.16 2 0
money/internal/http/server/session.go:12.16,15.3 1 0
money/internal/http/server/session.go:17.2,18.16 2 0
money/internal/http/server/session.go:18.16,21.3 1 0
money/internal/http/server/session.go:22.2,22.16 1 0
money/internal/http/server/shutdown.go:15.37,18.12 3 0
money/internal/http/server/shutdown.go:18.12,31.45 5 0
money/internal/http/server/shutdown.go:31.45,36.4 1 0
money/internal/http/server/shutdown.go:39.3,39.16 1 0
money/internal/http/server/start.go:17.95,50.16 15 0
money/internal/http/server/start.go:50.16,54.3 1 0
money/internal/http/server/start.go:56.2,60.12 2 0
money/internal/http/server/userListGet.go:10.70,12.58 2 0
money/internal/http/server/userListGet.go:12.58,14.3 1 0
money/internal/http/server/userListGet.go:15.2,18.16 4 0
money/internal/http/server/userListGet.go:18.16,21.3 2 0
money/internal/http/server/userListGet.go:22.2,24.37 3 0
money/internal/http/server/userUpdateGet.go:14.72,16.16 2 0
money/internal/http/server/userUpdateGet.go:16.16,22.3 3 0
money/internal/http/server/userUpdateGet.go:24.2,27.85 2 0
money/internal/http/server/userUpdateGet.go:27.85,33.3 3 0
money/internal/http/server/userUpdateGet.go:34.2,39.16 5 0
money/internal/http/server/userUpdateGet.go:39.16,45.3 3 0
money/internal/http/server/userUpdateGet.go:48.2,49.16 2 0
money/internal/http/server/userUpdateGet.go:49.16,55.3 3 0
money/internal/http/server/userUpdateGet.go:58.2,59.16 2 0
money/internal/http/server/userUpdateGet.go:59.16,65.3 3 0
money/internal/http/server/userUpdateGet.go:67.2,68.16 2 0
money/internal/http/server/userUpdateGet.go:68.16,74.3 3 0
money/internal/http/server/userUpdateGet.go:77.2,78.16 2 0
money/internal/http/server/userUpdateGet.go:78.16,84.3 3 0
money/internal/http/server/userUpdateGet.go:86.2,92.39 6 0
money/internal/http/server/userUpdatePost.go:14.73,16.16 2 0
money/internal/http/server/userUpdatePost.go:16.16,22.3 3 0
money/internal/http/server/userUpdatePost.go:24.2,26.85 2 0
money/internal/http/server/userUpdatePost.go:26.85,32.3 3 0
money/internal/http/server/userUpdatePost.go:34.2,35.16 2 0
money/internal/http/server/userUpdatePost.go:35.16,41.3 3 0
money/internal/http/server/userUpdatePost.go:43.2,57.16 5 0
money/internal/http/server/userUpdatePost.go:57.16,67.3 7 0
money/internal/http/server/userUpdatePost.go:68.2,68.56 1 0
money/internal/http/server/verifyPost.go:12.69,15.16 2 0
money/internal/http/server/verifyPost.go:15.16,18.3 2 0
money/internal/http/server/verifyPost.go:20.2,26.16 6 0
money/internal/http/server/verifyPost.go:26.16,34.3 7 0
money/internal/http/server/verifyPost.go:36.2,37.16 2 0
money/internal/http/server/verifyPost.go:37.16,45.3 7 0
money/internal/http/server/verifyPost.go:47.2,48.60 2 0
money/internal/logger/init.go:13.13,15.76 1 1
money/internal/logger/init.go:15.76,17.3 1 0
money/internal/logger/init.go:20.2,40.50 3 1
money/internal/msg/filler/filler.go:21.84,27.2 1 0
money/internal/msg/filler/work.go:15.97,24.2 2 0
money/internal/msg/filler/work.go:27.71,31.6 3 0
money/internal/msg/filler/work.go:31.6,32.10 1 0
money/internal/msg/filler/work.go:33.24,34.11 1 0
money/internal/msg/filler/work.go:34.11,40.5 3 0
money/internal/msg/filler/work.go:41.11,44.18 2 0
money/internal/msg/filler/work.go:44.18,48.5 1 0
money/internal/msg/filler/work.go:50.4,50.27 1 0
money/internal/msg/filler/work.go:50.27,54.5 3 0
money/internal/msg/filler/work.go:56.3,56.52 1 0
money/internal/msg/sender/sender.go:35.166,49.2 3 0
money/internal/msg/sender/sender.go:51.102,52.40 1 0
money/internal/msg/sender/sender.go:52.40,69.3 2 0
money/internal/msg/sender/sender.go:73.71,80.6 3 0
money/internal/msg/sender/sender.go:80.6,82.10 1 0
money/internal/msg/sender/sender.go:83.24,84.11 1 0
money/internal/msg/sender/sender.go:84.11,86.28 2 0
money/internal/msg/sender/sender.go:86.28,89.20 3 0
money/internal/msg/sender/sender.go:89.20,93.12 2 0
money/internal/msg/sender/sender.go:95.6,97.7 1 0
money/internal/msg/sender/sender.go:100.5,104.11 3 0
money/internal/msg/sender/sender.go:106.11,110.14 2 0
money/internal/msg/sender/sender.go:110.14,113.18 2 0
money/internal/msg/sender/sender.go:113.18,116.6 2 0
money/internal/msg/sender/sender.go:117.5,118.19 2 0
money/internal/msg/sender/sender.go:118.19,124.6 3 0
money/internal/msg/sender/sender.go:125.5,128.16 2 0
money/internal/msg/sender/sender.go:130.4,130.53 1 0
money/internal/msg/sender/work.go:14.46,15.48 1 0
money/internal/msg/sender/work.go:15.48,25.62 3 0
money/internal/msg/sender/work.go:25.62,30.4 2 0
money/internal/msg/sender/work.go:33.2,37.12 4 0
money/internal/queue/msg.go:11.46,13.2 1 0
money/internal/queue/msg.go:16.34,18.2 1 0
money/internal/queue/msg.go:21.36,26.2 2 0
money/internal/queue/msg.go:29.48,30.9 1 0
money/internal/queue/msg.go:31.21,32.13 1 0
money/internal/queue/msg.go:33.10,34.13 1 0
money/internal/repo/postgres/msg.go:10.91,14.16 3 0
money/internal/repo/postgres/msg.go:14.16,17.3 2 0
money/internal/repo/postgres/msg.go:19.2,19.16 1 0
money/internal/repo/postgres/msg.go:22.81,25.16 2 0
money/internal/repo/postgres/msg.go:25.16,28.3 2 0
money/internal/repo/postgres/msg.go:29.2,29.12 1 0
money/internal/repo/postgres/postgres.go:20.86,28.10 2 0
money/internal/repo/postgres/postgres.go:28.10,34.20 5 0
money/internal/repo/postgres/postgres.go:34.20,37.5 1 0
money/internal/repo/postgres/postgres.go:38.4,39.29 2 0
money/internal/repo/postgres/postgres.go:42.2,42.18 1 0
money/internal/repo/postgres/postgres.go:42.18,47.3 2 0
money/internal/repo/postgres/postgres.go:49.2,49.16 1 0
money/internal/repo/postgres/postgres.go:52.40,54.2 1 0
money/internal/repo/postgres/postgres.go:56.39,58.2 1 0
money/internal/repo/postgres/project.go:11.85,13.16 2 0
money/internal/repo/postgres/project.go:13.16,15.3 1 0
money/internal/repo/postgres/project.go:16.2,16.12 1 0
money/internal/repo/postgres/project.go:19.85,22.16 2 0
money/internal/repo/postgres/project.go:22.16,24.3 1 0
money/internal/repo/postgres/project.go:26.2,26.12 1 0
money/internal/repo/postgres/project.go:29.85,31.2 1 0
money/internal/repo/postgres/project.go:33.90,36.16 3 0
money/internal/repo/postgres/project.go:36.16,40.3 2 0
money/internal/repo/postgres/project.go:41.2,41.15 1 0
money/internal/repo/postgres/project.go:44.105,47.16 3 0
money/internal/repo/postgres/project.go:47.16,51.3 2 0
money/internal/repo/postgres/project.go:52.2,52.15 1 0
money/internal/repo/postgres/project.go:55.85,57.16 2 0
money/internal/repo/postgres/project.go:57.16,59.3 1 0
money/internal/repo/postgres/project.go:61.2,61.12 1 0
money/internal/repo/postgres/project.go:64.103,66.16 2 0
money/internal/repo/postgres/project.go:66.16,70.3 2 0
money/internal/repo/postgres/project.go:72.2,72.12 1 0
money/internal/repo/postgres/project.go:75.95,77.16 2 0
money/internal/repo/postgres/project.go:77.16,81.3 2 0
money/internal/repo/postgres/project.go:83.2,83.12 1 0
money/internal/repo/postgres/project.go:86.116,89.16 3 0
money/internal/repo/postgres/project.go:89.16,93.3 2 0
money/internal/repo/postgres/project.go:95.2,95.16 1 0
money/internal/repo/postgres/project.go:98.108,100.2 1 0
money/internal/repo/postgres/session.go:9.92,11.2 1 0
money/internal/repo/postgres/session.go:14.79,16.2 1 0
money/internal/repo/postgres/session.go:19.76,21.2 1 0
money/internal/repo/postgres/stmt.go:5.48,17.2 10 0
money/internal/repo/postgres/stmt.go:19.55,24.16 2 0
money/internal/repo/postgres/stmt.go:24.16,26.3 1 0
money/internal/repo/postgres/stmt.go:28.2,29.12 2 0
money/internal/repo/postgres/stmt.go:32.52,37.16 2 0
money/internal/repo/postgres/stmt.go:37.16,39.3 1 0
money/internal/repo/postgres/stmt.go:41.2,45.16 2 0
money/internal/repo/postgres/stmt.go:45.16,47.3 1 0
money/internal/repo/postgres/stmt.go:48.2,51.16 2 0
money/internal/repo/postgres/stmt.go:51.16,53.3 1 0
money/internal/repo/postgres/stmt.go:55.2,59.16 2 0
money/internal/repo/postgres/stmt.go:59.16,61.3 1 0
money/internal/repo/postgres/stmt.go:63.2,67.16 2 0
money/internal/repo/postgres/stmt.go:67.16,69.3 1 0
money/internal/repo/postgres/stmt.go:71.2,74.16 2 0
money/internal/repo/postgres/stmt.go:74.16,76.3 1 0
money/internal/repo/postgres/stmt.go:77.2,80.16 2 0
money/internal/repo/postgres/stmt.go:80.16,82.3 1 0
money/internal/repo/postgres/stmt.go:83.2,90.12 8 0
money/internal/repo/postgres/stmt.go:93.51,98.16 2 0
money/internal/repo/postgres/stmt.go:98.16,100.3 1 0
money/internal/repo/postgres/stmt.go:102.2,105.16 2 0
money/internal/repo/postgres/stmt.go:105.16,107.3 1 0
money/internal/repo/postgres/stmt.go:108.2,112.16 2 0
money/internal/repo/postgres/stmt.go:112.16,114.3 1 0
money/internal/repo/postgres/stmt.go:115.2,119.16 2 0
money/internal/repo/postgres/stmt.go:119.16,121.3 1 0
money/internal/repo/postgres/stmt.go:123.2,127.16 2 0
money/internal/repo/postgres/stmt.go:127.16,129.3 1 0
money/internal/repo/postgres/stmt.go:131.2,136.12 6 0
money/internal/repo/postgres/stmt.go:139.52,143.16 2 0
money/internal/repo/postgres/stmt.go:143.16,145.3 1 0
money/internal/repo/postgres/stmt.go:147.2,148.12 2 0
money/internal/repo/postgres/stmt.go:151.53,155.16 2 0
money/internal/repo/postgres/stmt.go:155.16,157.3 1 0
money/internal/repo/postgres/stmt.go:171.2,172.12 2 0
money/internal/repo/postgres/stmt.go:175.55,181.16 2 0
money/internal/repo/postgres/stmt.go:181.16,183.3 1 0
money/internal/repo/postgres/stmt.go:185.2,188.16 2 0
money/internal/repo/postgres/stmt.go:188.16,190.3 1 0
money/internal/repo/postgres/stmt.go:192.2,195.16 2 0
money/internal/repo/postgres/stmt.go:195.16,197.3 1 0
money/internal/repo/postgres/stmt.go:199.2,202.16 2 0
money/internal/repo/postgres/stmt.go:202.16,204.3 1 0
money/internal/repo/postgres/stmt.go:206.2,208.16 2 0
money/internal/repo/postgres/stmt.go:208.16,210.3 1 0
money/internal/repo/postgres/stmt.go:212.2,218.16 2 0
money/internal/repo/postgres/stmt.go:218.16,220.3 1 0
money/internal/repo/postgres/stmt.go:222.2,224.16 2 0
money/internal/repo/postgres/stmt.go:224.16,226.3 1 0
money/internal/repo/postgres/stmt.go:228.2,230.16 2 0
money/internal/repo/postgres/stmt.go:230.16,232.3 1 0
money/internal/repo/postgres/stmt.go:234.2,240.16 2 0
money/internal/repo/postgres/stmt.go:240.16,242.3 1 0
money/internal/repo/postgres/stmt.go:244.2,254.12 10 0
money/internal/repo/postgres/stmt.go:257.52,259.2 1 0
money/internal/repo/postgres/stmt.go:261.56,263.2 1 0
money/internal/repo/postgres/stmt.go:265.57,267.2 1 0
money/internal/repo/postgres/user.go:16.108,17.19 1 0
money/internal/repo/postgres/user.go:17.19,19.3 1 0
money/internal/repo/postgres/user.go:20.2,20.22 1 0
money/internal/repo/postgres/user.go:20.22,22.3 1 0
money/internal/repo/postgres/user.go:24.2,25.16 2 0
money/internal/repo/postgres/user.go:25.16,28.3 2 0
money/internal/repo/postgres/user.go:30.2,31.16 2 0
money/internal/repo/postgres/user.go:31.16,34.3 2 0
money/internal/repo/postgres/user.go:36.2,38.16 2 0
money/internal/repo/postgres/user.go:38.16,39.22 1 0
money/internal/repo/postgres/user.go:40.99,42.83 2 0
money/internal/repo/postgres/user.go:43.99,45.117 2 0
money/internal/repo/postgres/user.go:47.3,49.18 3 0
money/internal/repo/postgres/user.go:52.2,53.16 2 0
money/internal/repo/postgres/user.go:53.16,57.3 3 0
money/internal/repo/postgres/user.go:59.2,63.16 4 0
money/internal/repo/postgres/user.go:63.16,67.3 3 0
money/internal/repo/postgres/user.go:69.2,71.21 2 0
money/internal/repo/postgres/user.go:74.95,76.16 2 0
money/internal/repo/postgres/user.go:76.16,79.3 2 0
money/internal/repo/postgres/user.go:80.2,83.16 3 0
money/internal/repo/postgres/user.go:83.16,87.3 3 0
money/internal/repo/postgres/user.go:89.2,89.17 1 0
money/internal/repo/postgres/user.go:89.17,92.3 2 0
money/internal/repo/postgres/user.go:93.2,97.16 3 0
money/internal/repo/postgres/user.go:97.16,101.3 3 0
money/internal/repo/postgres/user.go:104.2,105.16 2 0
money/internal/repo/postgres/user.go:105.16,109.3 3 0
money/internal/repo/postgres/user.go:110.2,111.12 2 0
money/internal/repo/postgres/user.go:115.81,121.16 3 0
money/internal/repo/postgres/user.go:121.16,123.3 1 0
money/internal/repo/postgres/user.go:125.2,125.48 1 0
money/internal/repo/postgres/user.go:125.48,127.3 1 0
money/internal/repo/postgres/user.go:130.2,132.12 2 0
money/internal/repo/postgres/user.go:136.136,140.16 3 0
money/internal/repo/postgres/user.go:140.16,142.3 1 0
money/internal/repo/postgres/user.go:144.2,144.49 1 0
money/internal/repo/postgres/user.go:144.49,146.3 1 0
money/internal/repo/postgres/user.go:149.2,150.16 2 0
money/internal/repo/postgres/user.go:150.16,153.3 2 0
money/internal/repo/postgres/user.go:155.2,158.16 3 0
money/internal/repo/postgres/user.go:158.16,161.3 2 0
money/internal/repo/postgres/user.go:164.2,165.16 2 0
money/internal/repo/postgres/user.go:165.16,168.3 2 0
money/internal/repo/postgres/user.go:171.2,175.16 3 0
money/internal/repo/postgres/user.go:175.16,179.3 3 0
money/internal/repo/postgres/user.go:181.2,183.17 2 0
money/internal/repo/postgres/user.go:187.79,189.2 1 0
money/internal/repo/postgres/user.go:192.84,195.16 3 0
money/internal/repo/postgres/user.go:195.16,199.3 2 0
money/internal/repo/postgres/user.go:200.2,200.15 1 0
money/internal/repo/postgres/user.go:204.79,207.16 2 0
money/internal/repo/postgres/user.go:207.16,209.3 1 0
money/internal/repo/postgres/user.go:211.2,211.12 1 0
money/internal/repo/postgres/user.go:215.87,218.16 2 0
money/internal/repo/postgres/user.go:218.16,220.3 1 0
money/internal/repo/postgres/user.go:221.2,222.16 2 0
money/internal/repo/postgres/user.go:222.16,224.3 1 0
money/internal/repo/postgres/user.go:225.2,225.12 1 0
